0 silly argv {
0 silly argv   _: [ 'run' ],
0 silly argv   stream: true,
0 silly argv   lernaVersion: '8.1.7',
0 silly argv   '$0': 'node_modules/.bin/lerna',
0 silly argv   script: 'build'
0 silly argv }
1 notice cli v8.1.7
2 verbose packageConfigs Resolving packages based on package.json "workspaces" configuration.
3 verbose rootPath /home/juanj/Projects-webDevelop/webComponents/webComponentsLib
4 error Failed to process project graph. Run "nx reset" to fix this. Please report the issue if you keep seeing it.
4 error   An error occurred while processing files for the nx/core/package-json plugin.
4 error     - packages/react-library/package.json: InvalidSymbol in /home/juanj/Projects-webDevelop/webComponents/webComponentsLib/packages/react-library/package.json at 31:5
4 error   [0m [90m 29 | [39m    "test": "node ./__tests__/react-library.test.js",[0m
4 error   [0m [90m 30 | [39m    "build": "npm run tsc",[0m
4 error   [0m[31m[1m>[22m[39m[90m 31 | [39m    watch: "tsc -p . -w",[0m
4 error   [0m [90m    | [39m    [31m[1m^[22m[39m[31m[1m^[22m[39m[31m[1m^[22m[39m[31m[1m^[22m[39m[31m[1m^[22m[39m[0m
4 error   [0m [90m 32 | [39m    "tsc": "tsc -p . --outDir ./dist"[0m
4 error   [0m [90m 33 | [39m  },[0m
4 error   [0m [90m 34 | [39m  "bugs": {[0m
4 error
4 error       Error: InvalidSymbol in /home/juanj/Projects-webDevelop/webComponents/webComponentsLib/packages/react-library/package.json at 31:5
4 error       [0m [90m 29 | [39m    "test": "node ./__tests__/react-library.test.js",[0m
4 error       [0m [90m 30 | [39m    "build": "npm run tsc",[0m
4 error       [0m[31m[1m>[22m[39m[90m 31 | [39m    watch: "tsc -p . -w",[0m
4 error       [0m [90m    | [39m    [31m[1m^[22m[39m[31m[1m^[22m[39m[31m[1m^[22m[39m[31m[1m^[22m[39m[31m[1m^[22m[39m[0m
4 error       [0m [90m 32 | [39m    "tsc": "tsc -p . --outDir ./dist"[0m
4 error       [0m [90m 33 | [39m  },[0m
4 error       [0m [90m 34 | [39m  "bugs": {[0m
4 error
4 error           at parseJson (/home/juanj/Projects-webDevelop/webComponents/webComponentsLib/node_modules/nx/src/utils/json.js:29:15)
4 error           at readJsonFile (/home/juanj/Projects-webDevelop/webComponents/webComponentsLib/node_modules/nx/src/utils/fileutils.js:30:37)
4 error           at createNodeFromPackageJson (/home/juanj/Projects-webDevelop/webComponents/webComponentsLib/node_modules/nx/src/plugins/package-json/create-nodes.js:79:47)
4 error           at /home/juanj/Projects-webDevelop/webComponents/webComponentsLib/node_modules/nx/src/plugins/package-json/create-nodes.js:36:20
4 error           at /home/juanj/Projects-webDevelop/webComponents/webComponentsLib/node_modules/nx/src/project-graph/plugins/utils.js:47:33
4 error           at Array.map (<anonymous>)
4 error           at createNodesFromFiles (/home/juanj/Projects-webDevelop/webComponents/webComponentsLib/node_modules/nx/src/project-graph/plugins/utils.js:45:35)
4 error           at exports.createNodesV2 (/home/juanj/Projects-webDevelop/webComponents/webComponentsLib/node_modules/nx/src/plugins/package-json/create-nodes.js:30:51)
4 error           at LoadedNxPlugin.createNodes (/home/juanj/Projects-webDevelop/webComponents/webComponentsLib/node_modules/nx/src/project-graph/plugins/internal-api.js:34:65)
